[01:44:12] [main/INFO]: Using mbed TLS based native cipher.
[01:44:12] [main/INFO]: Using zlib based native compressor.
[01:44:12] [main/INFO]: Enabled Waterfall version git:Waterfall-Bootstrap:1.19-R0.1-SNAPSHOT:f6069e2:513
[01:44:12] [main/INFO]: Not on Windows, attempting to use enhanced EpollEventLoop
[01:44:12] [main/INFO]: Epoll is working, utilising it!
[01:44:12] [main/INFO]: Discovered module: ModuleSpec(name=cmd_alert, file=modules/cmd_alert.jar, provider=JenkinsModuleSource())
[01:44:12] [main/INFO]: Discovered module: ModuleSpec(name=cmd_find, file=modules/cmd_find.jar, provider=JenkinsModuleSource())
[01:44:12] [main/INFO]: Discovered module: ModuleSpec(name=cmd_list, file=modules/cmd_list.jar, provider=JenkinsModuleSource())
[01:44:12] [main/INFO]: Discovered module: ModuleSpec(name=cmd_send, file=modules/cmd_send.jar, provider=JenkinsModuleSource())
[01:44:12] [main/INFO]: Discovered module: ModuleSpec(name=cmd_server, file=modules/cmd_server.jar, provider=JenkinsModuleSource())
[01:44:12] [main/INFO]: Discovered module: ModuleSpec(name=reconnect_yaml, file=modules/reconnect_yaml.jar, provider=JenkinsModuleSource())
[01:44:12] [main/INFO]: Loaded plugin reconnect_yaml version git:reconnect_yaml:1.19-R0.1-SNAPSHOT:f6069e2:513 by WaterfallMC
[01:44:12] [main/INFO]: Loaded plugin cmd_find version git:cmd_find:1.19-R0.1-SNAPSHOT:f6069e2:513 by WaterfallMC
[01:44:12] [main/INFO]: Loaded plugin cmd_server version git:cmd_server:1.19-R0.1-SNAPSHOT:f6069e2:513 by WaterfallMC
[01:44:12] [main/INFO]: Loaded plugin cmd_alert version git:cmd_alert:1.19-R0.1-SNAPSHOT:f6069e2:513 by WaterfallMC
[01:44:12] [main/INFO]: Loaded plugin cmd_send version git:cmd_send:1.19-R0.1-SNAPSHOT:f6069e2:513 by WaterfallMC
[01:44:12] [main/INFO]: Loaded plugin cmd_list version git:cmd_list:1.19-R0.1-SNAPSHOT:f6069e2:513 by WaterfallMC
[01:44:12] [main/WARN]: :>:>:>:>:>:>:>:>:>:>:>:>:>:>:>:>:>:>:>:>:>:>:>
[01:44:12] [main/WARN]: :>  
[01:44:12] [main/WARN]: :>      EAGLERCRAFTXBUNGEE WARNING:
[01:44:12] [main/WARN]: :>  
[01:44:12] [main/WARN]: :>  This plugin wasn't tested to be 'working'
[01:44:12] [main/WARN]: :>  with ANY version of BungeeCord (and forks)
[01:44:12] [main/WARN]: :>  apart from the versions listed below:
[01:44:12] [main/WARN]: :>  
[01:44:12] [main/WARN]: :>  - BungeeCord: 1.20-R0.3-SNAPSHOT:eda268b:1797
[01:44:12] [main/WARN]: :>  - Waterfall: 1.20-R0.2-SNAPSHOT:92b5149:562
[01:44:12] [main/WARN]: :>  - FlameCord: 1.1.1
[01:44:12] [main/WARN]: :>  
[01:44:12] [main/WARN]: :>  This is not a Bukkit/Spigot plugin!
[01:44:12] [main/WARN]: :>  
[01:44:12] [main/WARN]: :>  Use "-Deaglerxbungee.stfu=true" to hide
[01:44:12] [main/WARN]: :>  
[01:44:12] [main/WARN]: :>:>:>:>:>:>:>:>:>:>:>:>:>:>:>:>:>:>:>:>:>:>:>
[01:44:13] [main/INFO] [EaglercraftXBungee]: Loading vanilla profile: lax1dude
[01:44:13] [Skin Download Thread #0/ERROR] [EaglercraftXBungee]: Recieved code 429 while looking up UUID of lax1dude
[01:44:13] [main/INFO]: Loaded plugin EaglercraftXBungee version 1.0.10 by lax1dude
[01:44:13] [main/WARN]: Forced host server pvp is not defined
[01:44:13] [main/INFO]: Enabled plugin reconnect_yaml version git:reconnect_yaml:1.19-R0.1-SNAPSHOT:f6069e2:513 by WaterfallMC
[01:44:13] [main/INFO]: Enabled plugin cmd_find version git:cmd_find:1.19-R0.1-SNAPSHOT:f6069e2:513 by WaterfallMC
[01:44:13] [main/INFO]: Enabled plugin cmd_server version git:cmd_server:1.19-R0.1-SNAPSHOT:f6069e2:513 by WaterfallMC
[01:44:13] [main/INFO]: Enabled plugin cmd_alert version git:cmd_alert:1.19-R0.1-SNAPSHOT:f6069e2:513 by WaterfallMC
[01:44:13] [main/INFO]: Enabled plugin cmd_send version git:cmd_send:1.19-R0.1-SNAPSHOT:f6069e2:513 by WaterfallMC
[01:44:13] [main/INFO]: Enabled plugin cmd_list version git:cmd_list:1.19-R0.1-SNAPSHOT:f6069e2:513 by WaterfallMC
[01:44:13] [main/ERROR] [EaglercraftXBungee]: Online mode is set to false! Authentication system has been disabled
[01:44:13] [Netty Worker IO Thread #0/INFO] [EaglercraftXBungee]: Eaglercraft is listening on: /0.0.0.0:8081
[01:44:14] [main/INFO] [EaglercraftXBungee]: Connected to database: jdbc:sqlite:eaglercraft_skins_cache.db
[01:44:14] [main/INFO]: Enabled plugin EaglercraftXBungee version 1.0.10 by lax1dude
[01:44:14] [Netty Boss IO Thread #0/INFO]: Listening on /127.0.0.1:25577
[01:44:14] [EaglerXBungee: Network Tick Tasks/INFO] [EaglercraftXBungee]: Loaded certificate: /workspaces/qwerty/bungee/plugins/EaglercraftXBungee/eagcert/$dl.36f4cf2b9f9f3eb802b83ceecd0083b45c6001f9.cert
[01:46:04] [Netty Worker IO Thread #1/INFO] [EaglercraftXBungee]: [/[0:0:0:0:0:0:0:1%0]:39678]: Connected via websocket
[01:46:04] [Netty Worker IO Thread #1/INFO] [EaglercraftXBungee]: [/[0:0:0:0:0:0:0:1%0]:39678]: Origin header is null
[01:46:04] [Netty Worker IO Thread #1/INFO] [EaglercraftXBungee]: [/[0:0:0:0:0:0:0:1%0]:39678]: Logged in as 'Chasm'
[01:46:04] [Netty Worker IO Thread #1/INFO]: [/[0:0:0:0:0:0:0:1%0]:39678|Chasm] -> UpstreamBridge has connected
[01:46:05] [Netty Worker IO Thread #1/INFO]: [Chasm|/[0:0:0:0:0:0:0:1%0]:39678] <-> ServerConnector [lobby] has connected
[01:56:13] [Netty Worker IO Thread #2/WARN] [EaglercraftXBungee]: Server icon is not a file: /workspaces/qwerty/bungee/server-icon.png
[01:56:17] [Netty Worker IO Thread #3/INFO] [EaglercraftXBungee]: [/[0:0:0:0:0:0:0:1%0]:54166]: Connected via websocket
[01:56:17] [Netty Worker IO Thread #3/INFO] [EaglercraftXBungee]: [/[0:0:0:0:0:0:0:1%0]:54166]: Origin header is null
[01:56:17] [Netty Worker IO Thread #3/INFO] [EaglercraftXBungee]: [/[0:0:0:0:0:0:0:1%0]:54166]: Logged in as 'ChasmALT'
[01:56:17] [Netty Worker IO Thread #3/INFO]: [/[0:0:0:0:0:0:0:1%0]:54166|ChasmALT] -> UpstreamBridge has connected
[01:56:17] [Netty Worker IO Thread #3/INFO]: [ChasmALT|/[0:0:0:0:0:0:0:1%0]:54166] <-> ServerConnector [lobby] has connected
[01:58:43] [Netty Worker IO Thread #3/INFO]: [/[0:0:0:0:0:0:0:1%0]:54166|ChasmALT] -> UpstreamBridge has disconnected
[01:58:43] [Netty Worker IO Thread #3/INFO]: [ChasmALT] disconnected with: Proxy lost connection to server.
[01:58:43] [Netty Worker IO Thread #3/INFO]: [/[0:0:0:0:0:0:0:1%0]:54166|ChasmALT] <-> DownstreamBridge <-> [lobby] has disconnected
[02:00:57] [Netty Worker IO Thread #1/INFO] [EaglercraftXBungee]: [/[0:0:0:0:0:0:0:1%0]:37942]: Connected via websocket
[02:00:57] [Netty Worker IO Thread #1/INFO] [EaglercraftXBungee]: [/[0:0:0:0:0:0:0:1%0]:37942]: Origin header is null
[02:00:57] [Netty Worker IO Thread #1/INFO] [EaglercraftXBungee]: [/[0:0:0:0:0:0:0:1%0]:37942]: Logged in as 'ChasmALT'
[02:00:57] [Netty Worker IO Thread #1/INFO]: [/[0:0:0:0:0:0:0:1%0]:37942|ChasmALT] -> UpstreamBridge has connected
[02:00:57] [Netty Worker IO Thread #1/INFO]: [ChasmALT|/[0:0:0:0:0:0:0:1%0]:37942] <-> ServerConnector [lobby] has connected
[02:01:12] [Netty Worker IO Thread #1/INFO]: [/[0:0:0:0:0:0:0:1%0]:37942|ChasmALT] -> UpstreamBridge has disconnected
[02:01:12] [Netty Worker IO Thread #1/INFO]: [ChasmALT] disconnected with: Proxy lost connection to server.
[02:01:12] [Netty Worker IO Thread #1/INFO]: [/[0:0:0:0:0:0:0:1%0]:37942|ChasmALT] <-> DownstreamBridge <-> [lobby] has disconnected
[02:01:18] [Netty Worker IO Thread #2/INFO] [EaglercraftXBungee]: [/[0:0:0:0:0:0:0:1%0]:54328]: Connected via websocket
[02:01:18] [Netty Worker IO Thread #2/INFO] [EaglercraftXBungee]: [/[0:0:0:0:0:0:0:1%0]:54328]: Origin header is null
[02:01:18] [Netty Worker IO Thread #2/INFO] [EaglercraftXBungee]: [/[0:0:0:0:0:0:0:1%0]:54328]: Logged in as 'ChasmALT'
[02:01:18] [Netty Worker IO Thread #2/INFO]: [/[0:0:0:0:0:0:0:1%0]:54328|ChasmALT] -> UpstreamBridge has connected
[02:01:18] [Netty Worker IO Thread #2/INFO]: [ChasmALT|/[0:0:0:0:0:0:0:1%0]:54328] <-> ServerConnector [lobby] has connected
[02:02:32] [Netty Worker IO Thread #2/INFO]: [/[0:0:0:0:0:0:0:1%0]:54328|ChasmALT] -> UpstreamBridge has disconnected
[02:02:32] [Netty Worker IO Thread #2/INFO]: [ChasmALT] disconnected with: Proxy lost connection to server.
[02:02:32] [Netty Worker IO Thread #2/INFO]: [/[0:0:0:0:0:0:0:1%0]:54328|ChasmALT] <-> DownstreamBridge <-> [lobby] has disconnected
[02:06:22] [Netty Worker IO Thread #1/INFO]: [/[0:0:0:0:0:0:0:1%0]:39678|Chasm] -> UpstreamBridge has disconnected
[02:06:22] [Netty Worker IO Thread #1/INFO]: [Chasm] disconnected with: Proxy lost connection to server.
[02:06:22] [Netty Worker IO Thread #1/INFO]: [/[0:0:0:0:0:0:0:1%0]:39678|Chasm] <-> DownstreamBridge <-> [lobby] has disconnected
[02:10:55] [Netty Worker IO Thread #0/INFO] [EaglercraftXBungee]: [/[0:0:0:0:0:0:0:1%0]:59210]: Connected via websocket
[02:10:55] [Netty Worker IO Thread #0/INFO] [EaglercraftXBungee]: [/[0:0:0:0:0:0:0:1%0]:59210]: Origin header is null
[02:10:55] [Netty Worker IO Thread #0/INFO] [EaglercraftXBungee]: [/[0:0:0:0:0:0:0:1%0]:59210]: Logged in as 'Chasm'
[02:10:55] [Netty Worker IO Thread #0/INFO]: [/[0:0:0:0:0:0:0:1%0]:59210|Chasm] -> UpstreamBridge has connected
[02:10:55] [Netty Worker IO Thread #0/INFO]: [Chasm|/[0:0:0:0:0:0:0:1%0]:59210] <-> ServerConnector [lobby] has connected
[02:13:12] [Netty Worker IO Thread #0/INFO]: [/[0:0:0:0:0:0:0:1%0]:59210|Chasm] -> UpstreamBridge has disconnected
[02:13:12] [Netty Worker IO Thread #0/INFO]: [Chasm] disconnected with: Proxy lost connection to server.
[02:13:12] [Netty Worker IO Thread #0/INFO]: [/[0:0:0:0:0:0:0:1%0]:59210|Chasm] <-> DownstreamBridge <-> [lobby] has disconnected
